hybrid_mm.c		matrix multiplications using MPI + OpenMP
hybrid_pi.c		Computing PI value using area under curve, MPI + OpenMP

mpi_example1.c		MPI Hello world program
mpi_example2.c		MPI Array sum program (MPI_Bcast, send, recieve)
mpi_example3.c		MPI Array sum with explicit offload
mpi_example4.c		MPI Array sum with One sided communication (put, get, lock)
mpi_example5.c		MPI Ring Topology
mpi_example6.c		MPI array sum using asynchronous communication
mpi_example7.c		MPI array sum using scatter/gather
mpi_mm.c		matrix multiplication using MPI
mpi_pi.c		MPI program for finding pi value using Area under curve

openmp_example1.c	Hello world program for OpenMP
openmp_example2.c	Array sum illustrating 'atomic'
openmp_example3.c	Array sum using partial array sum
openmp_example4.c	Array sum using partial array sum calling a sub routine
openmp_example5.c	Array sum illustrating 'critical'
openmp_example6.c	Array Sum, where array is intialised to fibonnacci numbers. Illustrating 'ordered'
openmp_example7.c	Product and Sum of array elements, illustrating 'barrier'
openmp_example8.c	Program to print a pattern illustrated in ordered slides (tid, iterations)
openmp_example9.c	Array sum illustrating 'lock'
openmp_example10.c	Program illustrating private, first private and lastprivate
openmp_mm.c		matrix multiplication using OpenMP
openmp_pi.c		OpenMP program for finding pi using Area under curve

seq_mm.c		matrix multiplication Sequentially

